
> aistock@1.0.0 web
> expo start --web --port 8081

Starting project at D:\CodexCode\AIStock-new
Starting Metro Bundler

Waiting on http://localhost:8081
Logs for your project will appear below.
[31m[7m[1m ERROR [22m[27m[39m An unexpected error occurred while installing the latest version of React Native DevTools. Using a fallback version instead. Details:

dotslash error: 'fetch' command failed
caused by: failed to unpack `\\?\C:\Users\38019\AppData\Local\dotslash\1f\.tmpKLGCiZ\React Native DevTools-win32-x64\d3dcompiler_47.dll`
caused by: failed to unpack `React Native DevTools-win32-x64/d3dcompiler_47.dll` into `\\?\C:\Users\38019\AppData\Local\dotslash\1f\.tmpKLGCiZ\React Native DevTools-win32-x64\d3dcompiler_47.dll`
caused by: 拒绝访问。 (os error 5)

Web Bundled 3645ms index.ts (2020 modules)
Web  INFO  %cDownload the React DevTools for a better development experience: https://react.dev/link/react-devtools font-weight:bold
Web  LOG  Running application "main" with appParams:
 {"hydrate": undefined, "rootTag": "#root"} 
Development-level warnings: ON.
Performance optimizations: OFF.
Web  LOG  AIStock App loaded
Web  ERROR  

Code: context.tsx
[0m [90m 41 |[39m
 [90m 42 |[39m [36mexport[39m [36mfunction[39m useTranslation()[33m:[39m [33mI18nContextType[39m {
[31m[1m>[22m[39m[90m 43 |[39m   [36mconst[39m context [33m=[39m useContext([33mI18nContext[39m)[33m;[39m
 [90m    |[39m                             [31m[1m^[22m[39m
 [90m 44 |[39m   [36mif[39m ([33m![39mcontext) {
 [90m 45 |[39m     [36mthrow[39m [36mnew[39m [33mError[39m([32m'useTranslation must be used within an I18nProvider'[39m)[33m;[39m
 [90m 46 |[39m   }[0m
Call Stack
  useTranslation (src\i18n\context.tsx:43:29)
  useTranslateAction (src\i18n\context.tsx:61:17)
  detail.trades.map$argument_0 (src\components\StrategyCard.tsx:92:54)
  StrategyCard (src\components\StrategyCard.tsx:47:21)
  displayedStrategies.map$argument_0 (src\pages\HomeScreen.tsx:266:9)
  HomeScreen (src\pages\HomeScreen.tsx:265:28)
  App (App.tsx:11:9)
